<?xml version="1.0" encoding="UTF-8"?>
<!-- Generated by org.testng.reporters.JUnitReportReporter -->
<testsuite hostname="Aaron-PC" name="practice.SelectTest" tests="1" failures="0" timestamp="13 Aug 2015 11:23:22 GMT" time="144.373" errors="0">
  <testcase name="IEBrowserTest" time="144.373" classname="practice.SelectTest"/>
</testsuite> <!-- practice.SelectTest -->
