<?xml version="1.0" encoding="UTF-8"?>
<!-- Generated by org.testng.reporters.JUnitReportReporter -->
<testsuite hostname="Aaron-PC" name="practice.ChromeOfIELoginTest" tests="1" failures="0" timestamp="13 Aug 2015 12:56:13 GMT" time="14.987" errors="0">
  <testcase name="ChromeBrowserTest" time="14.987" classname="practice.ChromeOfIELoginTest"/>
</testsuite> <!-- practice.ChromeOfIELoginTest -->
