<?xml version="1.0" encoding="UTF-8"?>
<!-- Generated by org.testng.reporters.JUnitReportReporter -->
<testsuite hostname="Aaron-PC" name="practice.FFLoginTest" tests="1" failures="0" timestamp="14 Aug 2015 07:51:17 GMT" time="21.368" errors="0">
  <testcase name="FFBrowserTest" time="21.368" classname="practice.FFLoginTest"/>
</testsuite> <!-- practice.FFLoginTest -->
