<?xml version="1.0" encoding="UTF-8"?>
<!-- Generated by org.testng.reporters.JUnitReportReporter -->
<testsuite hostname="Aaron-PC" name="practice.LoginTest" tests="1" failures="0" timestamp="13 Aug 2015 11:29:50 GMT" time="100.780" errors="0">
  <testcase name="IEBrowserTest" time="100.780" classname="practice.LoginTest"/>
</testsuite> <!-- practice.LoginTest -->
